14:31:09 **** Incremental Build of configuration Debug for project DIO ****
make all 
Building file: ../LED_prog.c
Invoking: AVR Compiler
avr-gcc -Wall -g2 -gstabs -O0 -fpack-struct -fshort-enums -ffunction-sections -fdata-sections -std=gnu99 -funsigned-char -funsigned-bitfields -mmcu=atmega32 -DF_CPU=16000000UL -MMD -MP -MF"LED_prog.d" -MT"LED_prog.o" -c -o "LED_prog.o" "../LED_prog.c"
Finished building: ../LED_prog.c
 
Building file: ../main.c
Invoking: AVR Compiler
avr-gcc -Wall -g2 -gstabs -O0 -fpack-struct -fshort-enums -ffunction-sections -fdata-sections -std=gnu99 -funsigned-char -funsigned-bitfields -mmcu=atmega32 -DF_CPU=16000000UL -MMD -MP -MF"main.d" -MT"main.o" -c -o "main.o" "../main.c"
In file included from ../main.c:10:
c:/winavr-20100110/lib/gcc/../../avr/include/util/delay.h:90:3: warning: #warning "Compiler optimizations disabled; functions from <util/delay.h> won't work as designed"
../main.c: In function 'main':
../main.c:18: warning: unused variable 'Local_u8SWVal'
Finished building: ../main.c
 
Building target: DIO.elf
Invoking: AVR C Linker
avr-gcc -Wl,-Map,DIO.map -mmcu=atmega32 -o "DIO.elf"  ./DIO_program.o ./LED_prog.o ./main.o   
Finished building target: DIO.elf
 
Invoking: AVR Create Extended Listing
avr-objdump -h -S DIO.elf  >"DIO.lss"
Finished building: DIO.lss
 
Create Flash image (ihex format)
avr-objcopy -R .eeprom -R .fuse -R .lock -R .signature -O ihex DIO.elf  "DIO.hex"
Finished building: DIO.hex
 
Create eeprom image (ihex format)
avr-objcopy -j .eeprom --no-change-warnings --change-section-lma .eeprom=0 -O ihex DIO.elf  "DIO.eep"
Finished building: DIO.eep
 
Invoking: Print Size
avr-size --format=avr --mcu=atmega32 DIO.elf
AVR Memory Usage
----------------
Device: atmega32

Program:    6890 bytes (21.0% Full)
(.text + .data + .bootloader)

Data:          8 bytes (0.4% Full)
(.data + .bss + .noinit)


Finished building: sizedummy
 

14:31:10 Build Finished. 0 errors, 2 warnings. (took 1s.168ms)

