11:42:47 **** Incremental Build of configuration Debug for project EXTI ****
make all 
Building file: ../main.c
Invoking: AVR Compiler
avr-gcc -Wall -g2 -gstabs -O0 -fpack-struct -fshort-enums -ffunction-sections -fdata-sections -std=gnu99 -funsigned-char -funsigned-bitfields -mmcu=atmega16 -DF_CPU=1000000UL -MMD -MP -MF"main.d" -MT"main.o" -c -o "main.o" "../main.c"
../main.c:21: warning: return type of 'main' is not 'int'
Finished building: ../main.c
 
Building target: EXTI.elf
Invoking: AVR C Linker
avr-gcc -Wl,-Map,EXTI.map -mmcu=atmega16 -o "EXTI.elf"  ./DIO_program.o ./EXIT_program.o ./main.o   
Finished building target: EXTI.elf
 
Invoking: AVR Create Extended Listing
avr-objdump -h -S EXTI.elf  >"EXTI.lss"
Finished building: EXTI.lss
 
Invoking: Print Size
avr-size --format=avr --mcu=atmega16 EXTI.elf
AVR Memory Usage
----------------
Device: atmega16

Program:    2112 bytes (12.9% Full)
(.text + .data + .bootloader)

Data:          1 bytes (0.1% Full)
(.data + .bss + .noinit)


Finished building: sizedummy
 

11:42:47 Build Finished. 0 errors, 1 warnings. (took 403ms)

