14:03:34 **** Incremental Build of configuration Debug for project FingerPrint ****
make all 
Building file: ../main.c
Invoking: AVR Compiler
avr-gcc -Wall -g2 -gstabs -O0 -fpack-struct -fshort-enums -ffunction-sections -fdata-sections -std=gnu99 -funsigned-char -funsigned-bitfields -mmcu=atmega32 -DF_CPU=16000000UL -MMD -MP -MF"main.d" -MT"main.o" -c -o "main.o" "../main.c"
In file included from ../main.h:3,
                 from ../main.c:1:
c:/winavr-20100110/lib/gcc/../../avr/include/util/delay.h:90:3: warning: #warning "Compiler optimizations disabled; functions from <util/delay.h> won't work as designed"
../main.c: In function 'main':
../main.c:24: warning: pointer targets in passing argument 1 of 'H_Lcd_Void_LCDWriteString' differ in signedness
../main.c:31: warning: pointer targets in passing argument 1 of 'H_Lcd_Void_LCDWriteString' differ in signedness
../main.c:42: warning: pointer targets in passing argument 1 of 'H_Lcd_Void_LCDWriteString' differ in signedness
Finished building: ../main.c
 
Building target: FingerPrint.elf
Invoking: AVR C Linker
avr-gcc -Wl,-Map,FingerPrint.map -mmcu=atmega32 -o "FingerPrint.elf"  ./DIO_Prog.o ./FP_prog.o ./GIE_prog.o ./LCD_Prog.o ./LED_Prog.o ./UART_Prog.o ./main.o   
Finished building target: FingerPrint.elf
 
Invoking: AVR Create Extended Listing
avr-objdump -h -S FingerPrint.elf  >"FingerPrint.lss"
Finished building: FingerPrint.lss
 
Create Flash image (ihex format)
avr-objcopy -R .eeprom -R .fuse -R .lock -R .signature -O ihex FingerPrint.elf  "FingerPrint.hex"
Finished building: FingerPrint.hex
 
Create eeprom image (ihex format)
avr-objcopy -j .eeprom --no-change-warnings --change-section-lma .eeprom=0 -O ihex FingerPrint.elf  "FingerPrint.eep"
Finished building: FingerPrint.eep
 
Invoking: Print Size
avr-size --format=avr --mcu=atmega32 FingerPrint.elf
AVR Memory Usage
----------------
Device: atmega32

Program:   12090 bytes (36.9% Full)
(.text + .data + .bootloader)

Data:        125 bytes (6.1% Full)
(.data + .bss + .noinit)


Finished building: sizedummy
 

14:03:35 Build Finished. 0 errors, 4 warnings. (took 1s.169ms)

