16:18:02 **** Incremental Build of configuration Debug for project TWI ****
make all 
Building file: ../main.c
Invoking: AVR Compiler
avr-gcc -Wall -g2 -gstabs -O0 -fpack-struct -fshort-enums -ffunction-sections -fdata-sections -std=gnu99 -funsigned-char -funsigned-bitfields -mmcu=atmega328p -DF_CPU=16000000UL -MMD -MP -MF"main.d" -MT"main.o" -c -o "main.o" "../main.c"
In file included from ../main.c:10:
c:/winavr-20100110/lib/gcc/../../avr/include/util/delay.h:90:3: warning: #warning "Compiler optimizations disabled; functions from <util/delay.h> won't work as designed"
Finished building: ../main.c
 
Building target: TWI.elf
Invoking: AVR C Linker
avr-gcc -Wl,-Map,TWI.map -mmcu=atmega328p -o "TWI.elf"  ./DIO_program.o ./I2c_prog.o ./main.o   
Finished building target: TWI.elf
 
Invoking: AVR Create Extended Listing
avr-objdump -h -S TWI.elf  >"TWI.lss"
Finished building: TWI.lss
 
Invoking: Print Size
avr-size --format=avr --mcu=atmega328p TWI.elf
AVR Memory Usage
----------------
Device: atmega328p

Program:    3150 bytes (9.6% Full)
(.text + .data + .bootloader)

Data:          0 bytes (0.0% Full)
(.data + .bss + .noinit)


Finished building: sizedummy
 

16:18:03 Build Finished. 0 errors, 1 warnings. (took 406ms)

